Arguments: 
  D:\Node\node.exe C:\Users\Administrator\AppData\Roaming\npm\node_modules\yarn\bin\yarn.js add html-webpack-plugin -D

PATH: 
  D:\webpack-example\node_modules\.bin;C:\Windows\system32;C:\Windows;C:\Windows\System32\Wbem;C:\Windows\System32\WindowsPowerShell\v1.0\;C:\Program Files (x86)\NVIDIA Corporation\PhysX\Common;C:\Program Files\NVIDIA Corporation\NVIDIA NvDLISR;C:\Program Files\TortoiseSVN\bin;D:\Node\;C:\Users\Administrator\AppData\Roaming\npm

Yarn version: 
  1.21.1

Node version: 
  12.10.0

Platform: 
  win32 x64

Trace: 
  Error: ENOENT: no such file or directory, copyfile 'C:\Users\Administrator\AppData\Local\Yarn\Cache\v6\npm-ansi-styles-2.2.1-b432dd3358b634cf75e1e4664368240533c1ddbe-integrity\node_modules\ansi-styles\package.json' -> 'D:\webpack-example\node_modules\babel-code-frame\node_modules\ansi-styles\package.json'

npm manifest: 
  {
    "name": "webpack-example",
    "version": "1.0.0",
    "description": "",
    "main": "webpack.config.js",
    "scripts": {
      "test": "echo \"Error: no test specified\" && exit 1",
      "start": "webpack-dev-server --watch --inline --config webpack.config.js"
    },
    "author": "",
    "license": "ISC",
    "devDependencies": {
      "babel-core": "^6.26.3",
      "babel-loader": "^8.0.6",
      "babel-preset-env": "^1.7.0",
      "css-loader": "^3.2.0",
      "webpack": "^4.41.2",
      "webpack-cli": "^3.3.10",
      "webpack-dev-server": "^3.9.0"
    }
  }

yarn manifest: 
  No manifest

Lockfile: 
  No lockfile
